<?xml version="1.0" encoding="UTF-8"?>
<!-- Generated by org.testng.reporters.JUnitReportReporter -->
<testsuite skipped="2" hostname="LAPTOP-4JBM1Q4B" name="org.login.ExecutionClass" tests="3" failures="0" timestamp="21 Sep 2023 11:47:58 GMT" time="28.503" errors="0">
  <testcase name="validateNotificationInProjectManagerCredential" time="28.503" classname="org.login.ExecutionClass"/>
  <testcase name="method1" classname="org.login.ExecutionClass">
    <skipped/>
  </testcase> <!-- method1 -->
  <testcase name="method2" classname="org.login.ExecutionClass">
    <skipped/>
  </testcase> <!-- method2 -->
</testsuite> <!-- org.login.ExecutionClass -->
